Arguments: 
  /usr/local/Cellar/node/16.11.1/bin/node /usr/local/Cellar/yarn/1.22.17/libexec/bin/yarn.js start

PATH: 
  /var/opt/node-v14.17.4-linux-x64/bin:/usr/local/bin:/usr/bin:/bin:/usr/sbin:/sbin:/Applications/kitty.app/Contents/MacOS

Yarn version: 
  1.22.17

Node version: 
  16.11.1

Platform: 
  darwin x64

Trace: 
  SyntaxError: /Users/michaelkiernan/dev/aoc/2021/day2/ts/package.json: Unexpected token } in JSON at position 30
      at JSON.parse (<anonymous>)
      at /usr/local/Cellar/yarn/1.22.17/libexec/lib/cli.js:1625:59
      at Generator.next (<anonymous>)
      at step (/usr/local/Cellar/yarn/1.22.17/libexec/lib/cli.js:310:30)
      at /usr/local/Cellar/yarn/1.22.17/libexec/lib/cli.js:321:13

npm manifest: 
  {
    "license": { "UNLICENSED" },
    "scripts": {
      "build": "tsc day2.ts",
      "start": "node day2.js"
    },
    "devDependencies": {
      "@types/node": "^16.11.11"
    }
  }

yarn manifest: 
  No manifest

Lockfile: 
  # THIS IS AN AUTOGENERATED FILE. DO NOT EDIT THIS FILE DIRECTLY.
  # yarn lockfile v1
  
  
  "@types/node@^16.11.11":
    "integrity" "sha512-KB0sixD67CeecHC33MYn+eYARkqTheIRNuu97y2XMjR7Wu3XibO1vaY6VBV6O/a89SPI81cEUIYT87UqUWlZNw=="
    "resolved" "https://registry.npmjs.org/@types/node/-/node-16.11.11.tgz"
    "version" "16.11.11"
